<?xml version="1.0" encoding="UTF-8"?>
<testng-results ignored="0" total="2" passed="2" failed="0" skipped="0">
  <reporter-output>
  </reporter-output>
  <suite started-at="2023-12-18T09:02:01Z" name="Default suite" finished-at="2023-12-18T09:02:06Z" duration-ms="5562">
    <groups>
    </groups>
    <test started-at="2023-12-18T09:02:01Z" name="Default test" finished-at="2023-12-18T09:02:06Z" duration-ms="5562">
      <class name="Test.LoginTest">
        <test-method is-config="true" signature="SetUp()[pri:0, instance:Test.LoginTest@5b367418]" started-at="2023-12-18T09:02:01Z" name="SetUp" finished-at="2023-12-18T09:02:03Z" duration-ms="2717" status="PASS">
          <reporter-output>
          </reporter-output>
        </test-method> <!-- SetUp -->
        <test-method signature="LoginFailureTest()[pri:0, instance:Test.LoginTest@5b367418]" started-at="2023-12-18T09:02:03Z" name="LoginFailureTest" finished-at="2023-12-18T09:02:04Z" duration-ms="401" status="PASS">
          <reporter-output>
          </reporter-output>
        </test-method> <!-- LoginFailureTest -->
        <test-method is-config="true" signature="TearDown()[pri:0, instance:Test.LoginTest@5b367418]" started-at="2023-12-18T09:02:04Z" name="TearDown" finished-at="2023-12-18T09:02:04Z" duration-ms="129" status="PASS">
          <reporter-output>
          </reporter-output>
        </test-method> <!-- TearDown -->
        <test-method is-config="true" signature="SetUp()[pri:0, instance:Test.LoginTest@5b367418]" started-at="2023-12-18T09:02:04Z" name="SetUp" finished-at="2023-12-18T09:02:05Z" duration-ms="1174" status="PASS">
          <reporter-output>
          </reporter-output>
        </test-method> <!-- SetUp -->
        <test-method signature="LoginSuccessTest()[pri:0, instance:Test.LoginTest@5b367418]" started-at="2023-12-18T09:02:05Z" name="LoginSuccessTest" finished-at="2023-12-18T09:02:06Z" duration-ms="1001" status="PASS">
          <reporter-output>
          </reporter-output>
        </test-method> <!-- LoginSuccessTest -->
        <test-method is-config="true" signature="TearDown()[pri:0, instance:Test.LoginTest@5b367418]" started-at="2023-12-18T09:02:06Z" name="TearDown" finished-at="2023-12-18T09:02:06Z" duration-ms="115" status="PASS">
          <reporter-output>
          </reporter-output>
        </test-method> <!-- TearDown -->
      </class> <!-- Test.LoginTest -->
    </test> <!-- Default test -->
  </suite> <!-- Default suite -->
</testng-results>
