<?xml version="1.0" encoding="UTF-8"?>
<!-- Generated by org.testng.reporters.JUnitXMLReporter -->
<testsuite ignored="2" hostname="DESKTOP-M0RC82D" failures="0" tests="4" name="Default test" time="0.07" errors="0" timestamp="19 Nov 2023 14:05:25 GMT">
  <testcase classname="testng.CardTest" name="TC01_CreaditCardTest" time="0.006"/>
  <testcase classname="testng.LoanTest" name="TC00_PersonalLoanTest" time="0.004"/>
  <testcase classname="testng.LoanTest" name="TC01_HomeLoanTest" time="0.003"/>
  <testcase classname="testng.LoanTest" name="TC02_CarLoanTest" time="0.005"/>
  <testcase classname="testng.BaseClass" name="@AfterTest Method4" time="0.0">
    <ignored/>
  </testcase> <!-- @AfterTest Method4 -->
  <testcase classname="testng.BaseClass" name="@BeforeTest Method3" time="0.0">
    <ignored/>
  </testcase> <!-- @BeforeTest Method3 -->
</testsuite> <!-- Default test -->
