<?xml version="1.0" encoding="UTF-8"?>
<!-- Generated by org.testng.reporters.JUnitXMLReporter -->
<testsuite ignored="2" hostname="DESKTOP-M0RC82D" failures="0" tests="2" name="Test" time="0.057" errors="0" timestamp="19 Nov 2023 14:33:56 GMT">
  <testcase classname="testng.CardTest" name="TC01_CreaditCardTest" time="0.006"/>
  <testcase classname="testng.LoanTest" name="TC00_PersonalLoanTest" time="0.005"/>
  <testcase classname="testng.LoanTest" name="TC01_HomeLoanTest" time="0.0">
    <ignored/>
  </testcase> <!-- TC01_HomeLoanTest -->
  <testcase classname="testng.LoanTest" name="TC02_CarLoanTest" time="0.0">
    <ignored/>
  </testcase> <!-- TC02_CarLoanTest -->
</testsuite> <!-- Test -->
