<?xml version="1.0" encoding="UTF-8"?>
<testng-results ignored="2" total="4" passed="2" failed="0" skipped="0">
  <reporter-output>
  </reporter-output>
  <suite started-at="2023-11-19T14:48:18Z" name="Sanity Suite" finished-at="2023-11-19T14:48:18Z" duration-ms="37">
    <groups>
      <group name="Sanity">
        <method signature="CardTest.TC01_CreaditCardTest()[pri:0, instance:testng.CardTest@343570b7]" name="TC01_CreaditCardTest" class="testng.CardTest"/>
        <method signature="LoanTest.TC00_PersonalLoanTest()[pri:0, instance:testng.LoanTest@157853da]" name="TC00_PersonalLoanTest" class="testng.LoanTest"/>
      </group> <!-- Sanity -->
    </groups>
    <test started-at="2023-11-19T14:48:18Z" name="Test" finished-at="2023-11-19T14:48:18Z" duration-ms="37">
      <class name="testng.CardTest">
        <test-method signature="TC01_CreaditCardTest()[pri:0, instance:testng.CardTest@343570b7]" started-at="2023-11-19T14:48:18Z" name="TC01_CreaditCardTest" finished-at="2023-11-19T14:48:18Z" duration-ms="9" status="PASS">
          <reporter-output>
          </reporter-output>
        </test-method> <!-- TC01_CreaditCardTest -->
      </class> <!-- testng.CardTest -->
      <class name="testng.LoanTest">
        <test-method signature="TC00_PersonalLoanTest()[pri:0, instance:testng.LoanTest@157853da]" started-at="2023-11-19T14:48:18Z" name="TC00_PersonalLoanTest" finished-at="2023-11-19T14:48:18Z" duration-ms="3" status="PASS">
          <reporter-output>
          </reporter-output>
        </test-method> <!-- TC00_PersonalLoanTest -->
      </class> <!-- testng.LoanTest -->
    </test> <!-- Test -->
  </suite> <!-- Sanity Suite -->
</testng-results>
