<?xml version="1.0" encoding="UTF-8"?>
<testng-results ignored="0" total="2" passed="2" failed="0" skipped="0">
  <reporter-output>
  </reporter-output>
  <suite started-at="2023-11-19T17:02:18Z" name="Default suite" finished-at="2023-11-19T17:02:59Z" duration-ms="40849">
    <groups>
    </groups>
    <test started-at="2023-11-19T17:02:18Z" name="Default test" finished-at="2023-11-19T17:02:59Z" duration-ms="40849">
      <class name="testcases.LoginTest">
        <test-method is-config="true" signature="SetUp()[pri:0, instance:testcases.LoginTest@5b367418]" started-at="2023-11-19T17:02:18Z" name="SetUp" finished-at="2023-11-19T17:02:27Z" duration-ms="8190" status="PASS">
          <reporter-output>
          </reporter-output>
        </test-method> <!-- SetUp -->
        <test-method signature="LoginFailureTest()[pri:0, instance:testcases.LoginTest@5b367418]" started-at="2023-11-19T17:02:27Z" name="LoginFailureTest" finished-at="2023-11-19T17:02:46Z" duration-ms="19108" status="PASS">
          <reporter-output>
          </reporter-output>
        </test-method> <!-- LoginFailureTest -->
        <test-method is-config="true" signature="TearDown()[pri:0, instance:testcases.LoginTest@5b367418]" started-at="2023-11-19T17:02:46Z" name="TearDown" finished-at="2023-11-19T17:02:46Z" duration-ms="114" status="PASS">
          <reporter-output>
          </reporter-output>
        </test-method> <!-- TearDown -->
        <test-method is-config="true" signature="SetUp()[pri:0, instance:testcases.LoginTest@5b367418]" started-at="2023-11-19T17:02:46Z" name="SetUp" finished-at="2023-11-19T17:02:49Z" duration-ms="3329" status="PASS">
          <reporter-output>
          </reporter-output>
        </test-method> <!-- SetUp -->
        <test-method signature="LoginSuccessTest()[pri:0, instance:testcases.LoginTest@5b367418]" started-at="2023-11-19T17:02:49Z" name="LoginSuccessTest" finished-at="2023-11-19T17:02:59Z" duration-ms="9796" status="PASS">
          <reporter-output>
          </reporter-output>
        </test-method> <!-- LoginSuccessTest -->
        <test-method is-config="true" signature="TearDown()[pri:0, instance:testcases.LoginTest@5b367418]" started-at="2023-11-19T17:02:59Z" name="TearDown" finished-at="2023-11-19T17:02:59Z" duration-ms="276" status="PASS">
          <reporter-output>
          </reporter-output>
        </test-method> <!-- TearDown -->
      </class> <!-- testcases.LoginTest -->
    </test> <!-- Default test -->
  </suite> <!-- Default suite -->
</testng-results>
